0 info it worked if it ends with ok
1 verbose cli [ '/usr/local/Cellar/node/6.9.1/bin/node',
1 verbose cli   '/usr/local/bin/npm',
1 verbose cli   'run',
1 verbose cli   'build' ]
2 info using npm@3.10.8
3 info using node@v6.9.1
4 verbose run-script [ 'prebuild', 'build', 'postbuild' ]
5 info lifecycle ReProcessing@0.1.0~prebuild: ReProcessing@0.1.0
6 silly lifecycle ReProcessing@0.1.0~prebuild: no script for prebuild, continuing
7 info lifecycle ReProcessing@0.1.0~build: ReProcessing@0.1.0
8 verbose lifecycle ReProcessing@0.1.0~build: unsafe-perm in lifecycle true
9 verbose lifecycle ReProcessing@0.1.0~build: PATH: /usr/local/lib/node_modules/npm/bin/node-gyp-bin:/Users/benjamin/Desktop/reprocessing/node_modules/.bin:/usr/local/Cellar/node/6.9.1/bin:/Users/benjamin/.rbenv/shims:/Users/benjamin/.fzf/bin:/usr/local/heroku/bin:/usr/local/bin:/Users/benjamin/Library/Haskell/bin:/Users/benjamin/Library/Python/2.7/bin:/Users/benjamin/bin:/usr/local/bin:/usr/local/bin:/usr/bin:/bin:/usr/sbin:/sbin:/opt/X11/bin:/usr/local/lib/node_modules/eslint/bin:/Users/benjamin/.rvm/bin
10 verbose lifecycle ReProcessing@0.1.0~build: CWD: /Users/benjamin/Desktop/reprocessing
11 silly lifecycle ReProcessing@0.1.0~build: Args: [ '-c',
11 silly lifecycle   'eval $(dependencyEnv) && nopam && rebel && webpack -d _build/web/src/index.js _build/web/src/app.js' ]
12 silly lifecycle ReProcessing@0.1.0~build: Returned: code: 1  signal: null
13 info lifecycle ReProcessing@0.1.0~build: Failed to exec build script
14 verbose stack Error: ReProcessing@0.1.0 build: `eval $(dependencyEnv) && nopam && rebel && webpack -d _build/web/src/index.js _build/web/src/app.js`
14 verbose stack Exit status 1
14 verbose stack     at EventEmitter.<anonymous> (/usr/local/lib/node_modules/npm/lib/utils/lifecycle.js:255:16)
14 verbose stack     at emitTwo (events.js:106:13)
14 verbose stack     at EventEmitter.emit (events.js:191:7)
14 verbose stack     at ChildProcess.<anonymous> (/usr/local/lib/node_modules/npm/lib/utils/spawn.js:40:14)
14 verbose stack     at emitTwo (events.js:106:13)
14 verbose stack     at ChildProcess.emit (events.js:191:7)
14 verbose stack     at maybeClose (internal/child_process.js:877:16)
14 verbose stack     at Process.ChildProcess._handle.onexit (internal/child_process.js:226:5)
15 verbose pkgid ReProcessing@0.1.0
16 verbose cwd /Users/benjamin/Desktop/reprocessing
17 error Darwin 16.4.0
18 error argv "/usr/local/Cellar/node/6.9.1/bin/node" "/usr/local/bin/npm" "run" "build"
19 error node v6.9.1
20 error npm  v3.10.8
21 error code ELIFECYCLE
22 error ReProcessing@0.1.0 build: `eval $(dependencyEnv) && nopam && rebel && webpack -d _build/web/src/index.js _build/web/src/app.js`
22 error Exit status 1
23 error Failed at the ReProcessing@0.1.0 build script 'eval $(dependencyEnv) && nopam && rebel && webpack -d _build/web/src/index.js _build/web/src/app.js'.
23 error Make sure you have the latest version of node.js and npm installed.
23 error If you do, this is most likely a problem with the ReProcessing package,
23 error not with npm itself.
23 error Tell the author that this fails on your system:
23 error     eval $(dependencyEnv) && nopam && rebel && webpack -d _build/web/src/index.js _build/web/src/app.js
23 error You can get information on how to open an issue for this project with:
23 error     npm bugs ReProcessing
23 error Or if that isn't available, you can get their info via:
23 error     npm owner ls ReProcessing
23 error There is likely additional logging output above.
24 verbose exit [ 1, true ]
